\BOOKMARK [1][-]{chapter*.2}{\376\377\000O\000v\000e\000r\000v\000i\000e\000w}{}% 1
\BOOKMARK [1][-]{chapter*.2}{\376\377\000F\000o\000r\000m\000a\000t\000,\000\040\000N\000o\000t\000a\000t\000i\000o\000n\000\040\000a\000n\000d\000\040\000C\000o\000n\000v\000e\000n\000t\000i\000o\000n\000s}{}% 2
\BOOKMARK [0][-]{chapter.1}{\376\377\000H\000e\000l\000l\000o\000,\000\040\000A\000d\000e\000l\000e}{}% 3
\BOOKMARK [1][-]{section.1.1}{\376\377\000A\000d\000e\000l\000e\000s\000\040\000a\000n\000d\000\040\000I\000d\000e\000l\000e\000s}{chapter.1}% 4
\BOOKMARK [2][-]{subsection.1.1.1}{\376\377\000T\000h\000e\000\040\000G\000e\000n\000e\000r\000a\000l\000\040\000R\000e\000s\000t\000r\000i\000c\000t\000e\000d\000\040\000P\000r\000o\000d\000u\000c\000t}{section.1.1}% 5
\BOOKMARK [2][-]{subsection.1.1.2}{\376\377\000A\000d\000e\000l\000e\000s\000,\000\040\000I\000d\000e\000l\000e\000s\000\040\000a\000n\000d\000\040\000A\000p\000p\000r\000o\000x\000i\000m\000a\000t\000i\000o\000n\000s}{section.1.1}% 6
\BOOKMARK [2][-]{subsection.1.1.3}{\376\377\000G\000e\000o\000m\000e\000t\000r\000y\000\040\000o\000f\000\040\000A\000K\000/\000K}{section.1.1}% 7
\BOOKMARK [2][-]{subsection.1.1.4}{\376\377\000C\000l\000a\000s\000s\000\040\000G\000r\000o\000u\000p\000s}{section.1.1}% 8
\BOOKMARK [2][-]{subsection.1.1.5}{\376\377\000C\000h\000a\000r\000a\000c\000t\000e\000r\000s\000\040\000o\000n\000\040\000A\000d\000e\000l\000e\000s}{section.1.1}% 9
\BOOKMARK [1][-]{section.1.2}{\376\377\000S\000o\000m\000e\000t\000h\000i\000n\000g\000\040\000a\000b\000o\000u\000t\000\040\000A\000d\000e\000l\000i\000c\000\040\000p\000o\000i\000n\000t\000s\000\040\000o\000f\000\040\000s\000c\000h\000e\000m\000e\000s\000\040\000m\000a\000y\000b\000e\000?\000?}{chapter.1}% 10
\BOOKMARK [0][-]{chapter.2}{\376\377\000T\000h\000e\000\040\000T\000h\000e\000s\000i\000s\000\040\000o\000f\000\040\000T\000a\000t\000e\000\040\000\050\000a\000.\000k\000.\000a\000,\000\040\000`\000=\003\001\000"\0000\0000\0007\000F\000`\000=\000"\0000\0000\0003\000C\000`\000=\003\007\000"\0006\0001\0003\000A\000`\000`\000=\000"\0000\0000\0002\000A\000`\000=\000"\0000\0000\0005\000F\000`\000=\000"\0006\0000\0003\000A\000G\000L\0001\000\051}{}% 11
\BOOKMARK [1][-]{section.2.3}{\376\377\000I\000d\000e\000l\000e\000\040\000Z\000e\000t\000a\000\040\000F\000u\000n\000c\000t\000i\000o\000n\000s}{chapter.2}% 12
\BOOKMARK [2][-]{subsection.2.3.1}{\376\377\000L\000o\000c\000a\000l\000\040\000Z\000e\000t\000a\000\040\000I\000n\000t\000e\000g\000r\000a\000l\000s}{section.2.3}% 13
\BOOKMARK [2][-]{subsection.2.3.2}{\376\377\000T\000h\000e\000\040\000R\000o\000o\000t\000\040\000a\000n\000d\000\040\000R\000i\000e\000m\000a\000n\000n\000-\000R\000o\000c\000h}{section.2.3}% 14
\BOOKMARK [2][-]{subsection.2.3.3}{\376\377\000T\000h\000e\000\040\000G\000l\000o\000b\000a\000l\000\040\000Z\000e\000t\000a\000\040\000F\000u\000n\000c\000t\000i\000o\000n}{section.2.3}% 15
\BOOKMARK [1][-]{section.2.4}{\376\377\000H\000e\000c\000k\000e\000'\000s\000\040\000L\000-\000f\000u\000n\000c\000t\000i\000o\000n}{chapter.2}% 16
\BOOKMARK [1][-]{section.2.5}{\376\377\000S\000o\000m\000e\000\040\000A\000p\000p\000l\000i\000c\000a\000t\000i\000o\000n\000s}{chapter.2}% 17
\BOOKMARK [2][-]{subsection.2.5.1}{\376\377\000D\000i\000r\000i\000c\000h\000l\000e\000t\000'\000s\000\040\000C\000l\000a\000s\000s\000\040\000N\000u\000m\000b\000e\000r\000\040\000F\000o\000r\000m\000u\000l\000a}{section.2.5}% 18
\BOOKMARK [0][-]{chapter.3}{\376\377\000M\000o\000d\000u\000l\000a\000r\000\040\000F\000o\000r\000m\000s\000\040\000a\000n\000d\000\040\000A\000u\000t\000o\000m\000o\000r\000p\000h\000i\000c\000\040\000R\000e\000p\000r\000e\000s\000e\000n\000t\000a\000t\000i\000o\000n\000s\000\040\000\050\000a\000.\000k\000.\000a\000\040\000`\000=\003\001\000"\0000\0000\0007\000F\000`\000=\000"\0000\0000\0003\000C\000`\000=\003\007\000"\0006\0001\0003\000A\000`\000`\000=\000"\0000\0000\0002\000A\000`\000=\000"\0000\0000\0005\000F\000`\000=\000"\0006\0000\0003\000A\000G\000L\0002\000\051}{}% 19
\BOOKMARK [1][-]{section.3.6}{\376\377\000A\000u\000t\000o\000m\000o\000r\000p\000h\000i\000c\000\040\000F\000o\000r\000m\000s}{chapter.3}% 20
\BOOKMARK [0][-]{chapter.4}{\376\377\000T\000h\000e\000\040\000C\000o\000n\000j\000e\000c\000t\000u\000r\000e\000s\000\040\000o\000f\000\040\000L\000a\000n\000g\000l\000a\000n\000d\000\040\000\050\000a\000.\000k\000.\000a\000\040\000`\000=\003\001\000"\0000\0000\0007\000F\000`\000=\000"\0000\0000\0003\000C\000`\000=\003\007\000"\0006\0001\0003\000A\000`\000`\000=\000"\0000\0000\0002\000A\000`\000=\000"\0000\0000\0005\000F\000`\000=\000"\0006\0000\0003\000A\000G\000L\000n\000\051}{}% 21
\BOOKMARK [0][-]{appendix*.3}{\376\377\000A\000p\000p\000e\000n\000d\000i\000c\000e\000s}{}% 22
\BOOKMARK [1][-]{section.Alph0.1}{\376\377\000F\000o\000u\000r\000i\000e\000r\000\040\000T\000h\000e\000o\000r\000y\000\040\000o\000f\000\040\000L\000o\000c\000a\000l\000l\000y\000\040\000C\000o\000m\000p\000a\000c\000t\000\040\000G\000r\000o\000u\000p\000s}{appendix*.3}% 23
\BOOKMARK [2][-]{subsection.Alph0.1.1}{\376\377\000T\000o\000p\000o\000l\000o\000g\000i\000z\000i\000n\000g\000\040\000t\000h\000e\000\040\000d\000u\000a\000l}{section.Alph0.1}% 24
\BOOKMARK [2][-]{subsection.Alph0.1.2}{\376\377\000P\000o\000s\000i\000t\000i\000v\000e\000-\000D\000e\000f\000i\000n\000i\000t\000e\000\040\000a\000n\000d\000\040\000E\000l\000e\000m\000e\000n\000t\000a\000r\000y\000\040\000F\000u\000n\000c\000t\000i\000o\000n\000s}{section.Alph0.1}% 25
\BOOKMARK [2][-]{subsection.Alph0.1.3}{\376\377\000F\000o\000u\000r\000i\000e\000r\000\040\000I\000n\000v\000e\000r\000s\000i\000o\000n}{section.Alph0.1}% 26
\BOOKMARK [2][-]{subsection.Alph0.1.4}{\376\377\000P\000o\000n\000t\000r\000y\000a\000g\000i\000n\000\040\000D\000u\000a\000l\000i\000t\000y}{section.Alph0.1}% 27
\BOOKMARK [1][-]{section.Alph0.2}{\376\377\000L\000o\000c\000a\000l\000\040\000a\000n\000d\000\040\000G\000l\000o\000b\000a\000l\000\040\000F\000i\000e\000l\000d\000s}{appendix*.3}% 28
\BOOKMARK [1][-]{section.Alph0.3}{\376\377\000G\000e\000o\000m\000e\000t\000r\000y\000\040\000o\000f\000\040\000t\000h\000e\000\040\000U\000p\000p\000e\000r\000\040\000H\000a\000l\000f\000\040\000P\000l\000a\000n\000e}{appendix*.3}% 29
\BOOKMARK [2][-]{subsection.Alph0.3.1}{\376\377\000S\000m\000t\000h}{section.Alph0.3}% 30
